[debug] [2025-02-02T13:43:02.845Z] ----------------------------------------------------------------------
[debug] [2025-02-02T13:43:02.853Z] Command:       C:\Program Files\nodejs\node.exe C:\Users\tweea\AppData\Roaming\npm\node_modules\firebase-tools\lib\bin\firebase.js init
[debug] [2025-02-02T13:43:02.853Z] CLI Version:   13.29.3
[debug] [2025-02-02T13:43:02.854Z] Platform:      win32
[debug] [2025-02-02T13:43:02.854Z] Node Version:  v22.12.0
[debug] [2025-02-02T13:43:02.855Z] Time:          Sun Feb 02 2025 19:13:02 GMT+0530 (India Standard Time)
[debug] [2025-02-02T13:43:02.855Z] ----------------------------------------------------------------------
[debug] 
[debug] [2025-02-02T13:43:02.873Z] > command requires scopes: ["email","openid","https://www.googleapis.com/auth/cloudplatformprojects.readonly","https://www.googleapis.com/auth/firebase","https://www.googleapis.com/auth/cloud-platform"]
[debug] [2025-02-02T13:43:02.873Z] > authorizing via signed-in user (tweeanjalirawat@gmail.com)
[info] 
     ######## #### ########  ######## ########     ###     ######  ########
     ##        ##  ##     ## ##       ##     ##  ##   ##  ##       ##
     ######    ##  ########  ######   ########  #########  ######  ######
     ##        ##  ##    ##  ##       ##     ## ##     ##       ## ##
     ##       #### ##     ## ######## ########  ##     ##  ######  ########

You're about to initialize a Firebase project in this directory:

  C:\Users\tweea\Documents\REACT\07-tic-tac-toe-starting-project

[info] 
=== Project Setup
[info] 
[info] First, let's associate this project directory with a Firebase project.
[info] You can create multiple project aliases by running firebase use --add, 
[info] but for now we'll just set up a default project.
[info] 
